Build started 2014-12-28 13:23:24.
     1>Project "C:\Users\tjacek\Desktop\kwolek\KinectBridgeWithOpenCVBasics-D2D\KinectBridgeWithOpenCVBasics-D2D.vcxproj" on node 2 (Build target(s)).
     1>Link:
         C:\Program Files (x86)\Microsoft Visual Studio 11.0\VC\bin\link.exe /ERRORREPORT:PROMPT /OUT:"C:\Users\tjacek\Desktop\kwolek\KinectBridgeWithOpenCVBasics-D2D\Debug\KinectBridgeWithOpenCVBasics-D2D.exe" /INCREMENTAL:NO /NOLOGO opencv_core2410.lib opencv_imgproc2410.lib opencv_highgui2410.lib opencv_ml2410.lib opencv_video2410.lib opencv_features2d2410.lib opencv_calib3d2410.lib Kinect10.lib comctl32.lib kernel32.lib user32.lib gdi32.lib winspool.lib comdlg32.lib advapi32.lib shell32.lib ole32.lib oleaut32.lib uuid.lib odbc32.lib odbccp32.lib /MANIFEST /MANIFESTUAC:"level='asInvoker' uiAccess='false'" /manifest:embed /DEBUG /PDB:"C:\Users\tjacek\Desktop\kwolek\KinectBridgeWithOpenCVBasics-D2D\Debug\KinectBridgeWithOpenCVBasics-D2D.pdb" /SUBSYSTEM:WINDOWS /TLBID:1 /DYNAMICBASE /NXCOMPAT /IMPLIB:"C:\Users\tjacek\Desktop\kwolek\KinectBridgeWithOpenCVBasics-D2D\Debug\KinectBridgeWithOpenCVBasics-D2D.lib" /MACHINE:X86 "Debug\KinectBridgeWithOpenCVBasics-D2D.res"
         Debug\FrameRateTracker.obj
         Debug\MainWindow.obj
         Debug\OpenCVFrameHelper.obj
         Debug\OpenCVHelper.obj
     1>MainWindow.obj : error LNK2019: unresolved external symbol "public: __thiscall cv::Exception::Exception(int,class std::basic_string<char,struct std::char_traits<char>,class std::allocator<char> > const &,class std::basic_string<char,struct std::char_traits<char>,class std::allocator<char> > const &,class std::basic_string<char,struct std::char_traits<char>,class std::allocator<char> > const &,int)" (??0Exception@cv@@QAE@HABV?$basic_string@DU?$char_traits@D@std@@V?$allocator@D@2@@std@@00H@Z) referenced in function "public: unsigned char * __thiscall cv::Mat::ptr(int)" (?ptr@Mat@cv@@QAEPAEH@Z)
     1>OpenCVFrameHelper.obj : error LNK2001: unresolved external symbol "public: __thiscall cv::Exception::Exception(int,class std::basic_string<char,struct std::char_traits<char>,class std::allocator<char> > const &,class std::basic_string<char,struct std::char_traits<char>,class std::allocator<char> > const &,class std::basic_string<char,struct std::char_traits<char>,class std::allocator<char> > const &,int)" (??0Exception@cv@@QAE@HABV?$basic_string@DU?$char_traits@D@std@@V?$allocator@D@2@@std@@00H@Z)
     1>MainWindow.obj : error LNK2019: unresolved external symbol "public: virtual __thiscall cv::Exception::~Exception(void)" (??1Exception@cv@@UAE@XZ) referenced in function "public: unsigned char * __thiscall cv::Mat::ptr(int)" (?ptr@Mat@cv@@QAEPAEH@Z)
     1>OpenCVFrameHelper.obj : error LNK2001: unresolved external symbol "public: virtual __thiscall cv::Exception::~Exception(void)" (??1Exception@cv@@UAE@XZ)
     1>MainWindow.obj : error LNK2019: unresolved external symbol "void __cdecl cv::error(class cv::Exception const &)" (?error@cv@@YAXABVException@1@@Z) referenced in function "public: unsigned char * __thiscall cv::Mat::ptr(int)" (?ptr@Mat@cv@@QAEPAEH@Z)
     1>OpenCVFrameHelper.obj : error LNK2001: unresolved external symbol "void __cdecl cv::error(class cv::Exception const &)" (?error@cv@@YAXABVException@1@@Z)
     1>MainWindow.obj : error LNK2019: unresolved external symbol "void __cdecl cv::fastFree(void *)" (?fastFree@cv@@YAXPAX@Z) referenced in function "public: __thiscall cv::Mat::~Mat(void)" (??1Mat@cv@@QAE@XZ)
     1>OpenCVFrameHelper.obj : error LNK2001: unresolved external symbol "void __cdecl cv::fastFree(void *)" (?fastFree@cv@@YAXPAX@Z)
     1>OpenCVHelper.obj : error LNK2001: unresolved external symbol "void __cdecl cv::fastFree(void *)" (?fastFree@cv@@YAXPAX@Z)
     1>MainWindow.obj : error LNK2019: unresolved external symbol "public: void __thiscall cv::Mat::create(int,int const *,int)" (?create@Mat@cv@@QAEXHPBHH@Z) referenced in function "public: void __thiscall cv::Mat::create(int,int,int)" (?create@Mat@cv@@QAEXHHH@Z)
     1>OpenCVFrameHelper.obj : error LNK2001: unresolved external symbol "public: void __thiscall cv::Mat::create(int,int const *,int)" (?create@Mat@cv@@QAEXHPBHH@Z)
     1>MainWindow.obj : error LNK2019: unresolved external symbol "public: void __thiscall cv::Mat::deallocate(void)" (?deallocate@Mat@cv@@QAEXXZ) referenced in function "public: void __thiscall cv::Mat::release(void)" (?release@Mat@cv@@QAEXXZ)
     1>OpenCVFrameHelper.obj : error LNK2001: unresolved external symbol "public: void __thiscall cv::Mat::deallocate(void)" (?deallocate@Mat@cv@@QAEXXZ)
     1>OpenCVHelper.obj : error LNK2001: unresolved external symbol "public: void __thiscall cv::Mat::deallocate(void)" (?deallocate@Mat@cv@@QAEXXZ)
     1>MainWindow.obj : error LNK2019: unresolved external symbol "int __cdecl cv::_interlockedExchangeAdd(int *,int)" (?_interlockedExchangeAdd@cv@@YAHPAHH@Z) referenced in function "public: void __thiscall cv::Mat::release(void)" (?release@Mat@cv@@QAEXXZ)
     1>OpenCVFrameHelper.obj : error LNK2001: unresolved external symbol "int __cdecl cv::_interlockedExchangeAdd(int *,int)" (?_interlockedExchangeAdd@cv@@YAHPAHH@Z)
     1>OpenCVHelper.obj : error LNK2001: unresolved external symbol "int __cdecl cv::_interlockedExchangeAdd(int *,int)" (?_interlockedExchangeAdd@cv@@YAHPAHH@Z)
     1>OpenCVHelper.obj : error LNK2019: unresolved external symbol "public: __thiscall cv::_InputArray::_InputArray(class cv::Mat const &)" (??0_InputArray@cv@@QAE@ABVMat@1@@Z) referenced in function "public: long __thiscall OpenCVHelper::ApplyColorFilter(class cv::Mat *)" (?ApplyColorFilter@OpenCVHelper@@QAEJPAVMat@cv@@@Z)
     1>OpenCVHelper.obj : error LNK2019: unresolved external symbol "public: __thiscall cv::_OutputArray::_OutputArray(class cv::Mat &)" (??0_OutputArray@cv@@QAE@AAVMat@1@@Z) referenced in function "public: long __thiscall OpenCVHelper::ApplyColorFilter(class cv::Mat *)" (?ApplyColorFilter@OpenCVHelper@@QAEJPAVMat@cv@@@Z)
     1>OpenCVHelper.obj : error LNK2019: unresolved external symbol "void __cdecl cv::line(class cv::Mat &,class cv::Point_<int>,class cv::Point_<int>,class cv::Scalar_<double> const &,int,int,int)" (?line@cv@@YAXAAVMat@1@V?$Point_@H@1@1ABV?$Scalar_@N@1@HHH@Z) referenced in function "private: void __thiscall OpenCVHelper::DrawBone(class cv::Mat *,struct _NUI_SKELETON_DATA *,enum _NUI_SKELETON_POSITION_INDEX,enum _NUI_SKELETON_POSITION_INDEX,class cv::Point_<int> * const,class cv::Scalar_<double>)" (?DrawBone@OpenCVHelper@@AAEXPAVMat@cv@@PAU_NUI_SKELETON_DATA@@W4_NUI_SKELETON_POSITION_INDEX@@2QAV?$Point_@H@3@V?$Scalar_@N@3@@Z)
     1>OpenCVHelper.obj : error LNK2019: unresolved external symbol "void __cdecl cv::circle(class cv::Mat &,class cv::Point_<int>,int,class cv::Scalar_<double> const &,int,int,int)" (?circle@cv@@YAXAAVMat@1@V?$Point_@H@1@HABV?$Scalar_@N@1@HHH@Z) referenced in function "private: long __thiscall OpenCVHelper::DrawSkeletons(class cv::Mat *,struct _NUI_SKELETON_FRAME *,enum _NUI_IMAGE_RESOLUTION,enum _NUI_IMAGE_RESOLUTION)" (?DrawSkeletons@OpenCVHelper@@AAEJPAVMat@cv@@PAU_NUI_SKELETON_FRAME@@W4_NUI_IMAGE_RESOLUTION@@2@Z)
     1>OpenCVHelper.obj : error LNK2019: unresolved external symbol "void __cdecl cv::GaussianBlur(class cv::_InputArray const &,class cv::_OutputArray const &,class cv::Size_<int>,double,double,int)" (?GaussianBlur@cv@@YAXABV_InputArray@1@ABV_OutputArray@1@V?$Size_@H@1@NNH@Z) referenced in function "public: long __thiscall OpenCVHelper::ApplyColorFilter(class cv::Mat *)" (?ApplyColorFilter@OpenCVHelper@@QAEJPAVMat@cv@@@Z)
     1>OpenCVHelper.obj : error LNK2019: unresolved external symbol "void __cdecl cv::blur(class cv::_InputArray const &,class cv::_OutputArray const &,class cv::Size_<int>,class cv::Point_<int>,int)" (?blur@cv@@YAXABV_InputArray@1@ABV_OutputArray@1@V?$Size_@H@1@V?$Point_@H@1@H@Z) referenced in function "public: long __thiscall OpenCVHelper::ApplyColorFilter(class cv::Mat *)" (?ApplyColorFilter@OpenCVHelper@@QAEJPAVMat@cv@@@Z)
     1>OpenCVHelper.obj : error LNK2019: unresolved external symbol "void __cdecl cv::Canny(class cv::_InputArray const &,class cv::_OutputArray const &,double,double,int,bool)" (?Canny@cv@@YAXABV_InputArray@1@ABV_OutputArray@1@NNH_N@Z) referenced in function "public: long __thiscall OpenCVHelper::ApplyColorFilter(class cv::Mat *)" (?ApplyColorFilter@OpenCVHelper@@QAEJPAVMat@cv@@@Z)
     1>OpenCVHelper.obj : error LNK2019: unresolved external symbol "void __cdecl cv::erode(class cv::_InputArray const &,class cv::_OutputArray const &,class cv::_InputArray const &,class cv::Point_<int>,int,int,class cv::Scalar_<double> const &)" (?erode@cv@@YAXABV_InputArray@1@ABV_OutputArray@1@0V?$Point_@H@1@HHABV?$Scalar_@N@1@@Z) referenced in function "public: long __thiscall OpenCVHelper::ApplyColorFilter(class cv::Mat *)" (?ApplyColorFilter@OpenCVHelper@@QAEJPAVMat@cv@@@Z)
     1>OpenCVHelper.obj : error LNK2019: unresolved external symbol "void __cdecl cv::dilate(class cv::_InputArray const &,class cv::_OutputArray const &,class cv::_InputArray const &,class cv::Point_<int>,int,int,class cv::Scalar_<double> const &)" (?dilate@cv@@YAXABV_InputArray@1@ABV_OutputArray@1@0V?$Point_@H@1@HHABV?$Scalar_@N@1@@Z) referenced in function "public: long __thiscall OpenCVHelper::ApplyColorFilter(class cv::Mat *)" (?ApplyColorFilter@OpenCVHelper@@QAEJPAVMat@cv@@@Z)
     1>OpenCVHelper.obj : error LNK2019: unresolved external symbol "void __cdecl cv::cvtColor(class cv::_InputArray const &,class cv::_OutputArray const &,int,int)" (?cvtColor@cv@@YAXABV_InputArray@1@ABV_OutputArray@1@HH@Z) referenced in function "public: long __thiscall OpenCVHelper::ApplyColorFilter(class cv::Mat *)" (?ApplyColorFilter@OpenCVHelper@@QAEJPAVMat@cv@@@Z)
     1>C:\Users\tjacek\Desktop\kwolek\KinectBridgeWithOpenCVBasics-D2D\Debug\KinectBridgeWithOpenCVBasics-D2D.exe : fatal error LNK1120: 17 unresolved externals
     1>Done Building Project "C:\Users\tjacek\Desktop\kwolek\KinectBridgeWithOpenCVBasics-D2D\KinectBridgeWithOpenCVBasics-D2D.vcxproj" (Build target(s)) -- FAILED.

Build FAILED.

Time Elapsed 00:00:00.60
