Build started 2015-02-11 13:32:54.
     1>Project "C:\Users\user\Desktop\kwolek\vibe\KinectBridgeWithOpenCVBasics-D2D.vcxproj" on node 2 (Build target(s)).
     1>ClCompile:
         C:\Program Files (x86)\Microsoft Visual Studio 11.0\VC\bin\x86_amd64\CL.exe /c /IC:\opencv2410\build\include\opencv2 /IC:\opencv2410\build\include /IC:\opencv2410\build\include\opencv /Zi /nologo /W3 /WX- /Od /D WIN32 /D _DEBUG /D _WINDOWS /D _UNICODE /D UNICODE /Gm /EHsc /RTC1 /MTd /GS /fp:precise /Zc:wchar_t /Zc:forScope /Fo"x64\Debug\\" /Fd"x64\Debug\vc110.pdb" /Gd /TP /errorReport:prompt vibe.cpp
         vibe.cpp
     1>vibe.cpp(128): warning C4244: 'initializing' : conversion from 'double' to 'int', possible loss of data
     1>vibe.cpp(133): warning C4244: 'initializing' : conversion from 'double' to 'int', possible loss of data
     1>vibe.cpp(238): warning C4554: '&' : check operator precedence for possible error; use parentheses to clarify precedence
       Link:
         C:\Program Files (x86)\Microsoft Visual Studio 11.0\VC\bin\x86_amd64\link.exe /ERRORREPORT:PROMPT /OUT:"C:\Users\user\Desktop\kwolek\vibe\x64\Debug\KinectBridgeWithOpenCVBasics-D2D.exe" /INCREMENTAL:NO /NOLOGO /LIBPATH:C:\opencv2410\build\x64\vc10\lib /LIBPATH:C:\opencv2410\build\x64\vc10\bin opencv_stitching2410d.lib opencv_contrib2410d.lib opencv_videostab2410d.lib opencv_superres2410d.lib opencv_nonfree2410d.lib opencv_gpu2410d.lib opencv_ocl2410d.lib opencv_legacy2410d.lib opencv_ts2410d.lib opencv_calib3d2410d.lib opencv_features2d2410d.lib opencv_objdetect2410d.lib opencv_highgui2410d.lib opencv_video2410d.lib opencv_photo2410d.lib opencv_imgproc2410d.lib opencv_flann2410d.lib opencv_ml2410d.lib opencv_core2410d.lib Kinect10.lib comctl32.lib kernel32.lib user32.lib gdi32.lib winspool.lib comdlg32.lib advapi32.lib shell32.lib ole32.lib oleaut32.lib uuid.lib odbc32.lib odbccp32.lib /MANIFEST /MANIFESTUAC:"level='asInvoker' uiAccess='false'" /manifest:embed /DEBUG /PDB:"C:\Users\user\Desktop\kwolek\vibe\x64\Debug\KinectBridgeWithOpenCVBasics-D2D.pdb" /SUBSYSTEM:WINDOWS /TLBID:1 /DYNAMICBASE /NXCOMPAT /IMPLIB:"C:\Users\user\Desktop\kwolek\vibe\x64\Debug\KinectBridgeWithOpenCVBasics-D2D.lib" /MACHINE:X64 "x64\Debug\KinectBridgeWithOpenCVBasics-D2D.res"
         x64\Debug\Features.obj
         x64\Debug\Features.obj
         x64\Debug\FrameRateTracker.obj
         x64\Debug\MainWindow.obj
         x64\Debug\OpenCVFrameHelper.obj
         x64\Debug\OpenCVHelper.obj
         x64\Debug\SaveImage.obj
         x64\Debug\vibe.obj
     1>x64\Debug\Features.obj : warning LNK4042: object specified more than once; extras ignored
         KinectBridgeWithOpenCVBasics-D2D.vcxproj -> C:\Users\user\Desktop\kwolek\vibe\x64\Debug\KinectBridgeWithOpenCVBasics-D2D.exe
     1>Done Building Project "C:\Users\user\Desktop\kwolek\vibe\KinectBridgeWithOpenCVBasics-D2D.vcxproj" (Build target(s)).

Build succeeded.

Time Elapsed 00:00:02.28
