C:\USERS\USER\DESKTOP\KWOLEK\VIBE\X64\DEBUG\FRAMERATETRACKER.OBJ
C:\USERS\USER\DESKTOP\KWOLEK\VIBE\X64\DEBUG\VC110.PDB
C:\USERS\USER\DESKTOP\KWOLEK\VIBE\X64\DEBUG\MAINWINDOW.OBJ
C:\USERS\USER\DESKTOP\KWOLEK\VIBE\X64\DEBUG\VIBE.OBJ
C:\USERS\USER\DESKTOP\KWOLEK\VIBE\X64\DEBUG\OPENCVFRAMEHELPER.OBJ
C:\USERS\USER\DESKTOP\KWOLEK\VIBE\X64\DEBUG\OPENCVHELPER.OBJ
C:\USERS\USER\DESKTOP\KWOLEK\VIBE\X64\DEBUG\FEATURES.OBJ
C:\USERS\USER\DESKTOP\KWOLEK\VIBE\X64\DEBUG\SAVEIMAGE.OBJ
C:\USERS\USER\DESKTOP\KWOLEK\VIBE\X64\DEBUG\KINECTBRIDGEWITHOPENCVBASICS-D2D.RES
C:\Users\user\Desktop\kwolek\vibe\x64\Debug\Features.obj
C:\Users\user\Desktop\kwolek\vibe\x64\Debug\FrameRateTracker.obj
C:\Users\user\Desktop\kwolek\vibe\x64\Debug\MainWindow.obj
C:\Users\user\Desktop\kwolek\vibe\x64\Debug\OpenCVFrameHelper.obj
C:\Users\user\Desktop\kwolek\vibe\x64\Debug\OpenCVHelper.obj
C:\Users\user\Desktop\kwolek\vibe\x64\Debug\SaveImage.obj
C:\Users\user\Desktop\kwolek\vibe\x64\Debug\vibe.obj
C:\Users\user\Desktop\kwolek\vibe\x64\Debug\cl.command.1.tlog
C:\Users\user\Desktop\kwolek\vibe\x64\Debug\CL.read.1.tlog
C:\Users\user\Desktop\kwolek\vibe\x64\Debug\CL.write.1.tlog
C:\Users\user\Desktop\kwolek\vibe\x64\Debug\link-cvtres.read.1.tlog
C:\Users\user\Desktop\kwolek\vibe\x64\Debug\link-cvtres.write.1.tlog
C:\Users\user\Desktop\kwolek\vibe\x64\Debug\link-rc.read.1.tlog
C:\Users\user\Desktop\kwolek\vibe\x64\Debug\link-rc.write.1.tlog
C:\Users\user\Desktop\kwolek\vibe\x64\Debug\link.command.1.tlog
C:\Users\user\Desktop\kwolek\vibe\x64\Debug\link.read.1.tlog
C:\Users\user\Desktop\kwolek\vibe\x64\Debug\link.write.1.tlog
C:\Users\user\Desktop\kwolek\vibe\x64\Debug\rc.command.1.tlog
C:\Users\user\Desktop\kwolek\vibe\x64\Debug\rc.read.1.tlog
C:\Users\user\Desktop\kwolek\vibe\x64\Debug\rc.write.1.tlog
C:\Users\user\Desktop\kwolek\vibe\x64\Debug\KinectBridgeWithOpenCVBasics-D2D.res
C:\Users\user\Desktop\kwolek\vibe\x64\Debug\vc110.idb
C:\Users\user\Desktop\kwolek\vibe\x64\Debug\KinectBridgeWithOpenCVBasics-D2D.pdb
C:\Users\user\Desktop\kwolek\vibe\x64\Debug\vc110.pdb
